<?xml version="1.0" encoding="UTF-8"?>
<testsuite name="MyTest" tests="4" skipped="0" failures="0" errors="0" timestamp="2017-01-27T13:55:56" hostname="Jamess-MacBook-Pro.local" time="0.015">
  <properties/>
  <testcase name="pairs2" classname="MyTest" time="0.01"/>
  <testcase name="pairs" classname="MyTest" time="0.002"/>
  <testcase name="test1" classname="MyTest" time="0.002"/>
  <testcase name="letterCount" classname="MyTest" time="0.001"/>
  <system-out><![CDATA[pair = [2, 4]
pair = [3, 3]
pair = [1, 3]
pair = [1, 4]
pair = [2, 3]
pair = [2, 4]
pair = [3, 3]
pair = [3, 4]
11
/Users/jpowel/dev/java8-testing/./.git
/Users/jpowel/dev/java8-testing/./.gitignore
/Users/jpowel/dev/java8-testing/./.gradle
/Users/jpowel/dev/java8-testing/./.idea
/Users/jpowel/dev/java8-testing/./build
/Users/jpowel/dev/java8-testing/./build.gradle
/Users/jpowel/dev/java8-testing/./gradle
/Users/jpowel/dev/java8-testing/./gradlew
/Users/jpowel/dev/java8-testing/./gradlew.bat
/Users/jpowel/dev/java8-testing/./settings.gradle
/Users/jpowel/dev/java8-testing/./src
HIDDEN...
/Users/jpowel/dev/java8-testing/./.git
/Users/jpowel/dev/java8-testing/./.gitignore
/Users/jpowel/dev/java8-testing/./.gradle
/Users/jpowel/dev/java8-testing/./.idea
integers = [5, 5]
]]></system-out>
  <system-err><![CDATA[]]></system-err>
</testsuite>
