<?xml version="1.0" encoding="UTF-8"?>
<testsuite name="FibTest" tests="1" skipped="0" failures="0" errors="0" timestamp="2017-01-27T13:55:56" hostname="Jamess-MacBook-Pro.local" time="0.01">
  <properties/>
  <testcase name="test" classname="FibTest" time="0.01"/>
  <system-out><![CDATA[(0,1)
(1,1)
(1,2)
(2,3)
(3,5)
(5,8)
(8,13)
(13,21)
(21,34)
(34,55)
(55,89)
(89,144)
(144,233)
(233,377)
(377,610)
(610,987)
(987,1597)
(1597,2584)
(2584,4181)
(4181,6765)
]]></system-out>
  <system-err><![CDATA[]]></system-err>
</testsuite>
